DEPRECATION WARNING: config.action_view.debug_rjs will be removed in 3.1, from 3.1 onwards you will need to install prototype-rails to continue to use RJS templates . (called from /var/www/gems/sunrise-core/spec/dummy/config/environment.rb:5)
DEPRECATION WARNING: config.action_view.debug_rjs will be removed in 3.1, from 3.1 onwards you will need to install prototype-rails to continue to use RJS templates . (called from /var/www/gems/sunrise-core/spec/dummy/config/environment.rb:5)
DEPRECATION WARNING: config.action_view.debug_rjs will be removed in 3.1, from 3.1 onwards you will need to install prototype-rails to continue to use RJS templates . (called from /var/www/gems/sunrise-core/spec/dummy/config/environment.rb:5)
DEPRECATION WARNING: config.action_view.debug_rjs will be removed in 3.1, from 3.1 onwards you will need to install prototype-rails to continue to use RJS templates . (called from /var/www/gems/sunrise-core/spec/dummy/config/environment.rb:5)
DEPRECATION WARNING: config.action_view.debug_rjs will be removed in 3.1, from 3.1 onwards you will need to install prototype-rails to continue to use RJS templates . (called from /var/www/gems/sunrise-core/spec/dummy/config/environment.rb:5)
  [1m[36mSQL (0.4ms)[0m  [1mSHOW TABLES[0m
  [1m[35mSQL (201.9ms)[0m  CREATE TABLE `schema_migrations` (`version` varchar(255) NOT NULL) ENGINE=InnoDB
  [1m[36mSQL (0.6ms)[0m  [1mSHOW KEYS FROM `schema_migrations`[0m
  [1m[35mSQL (320.7ms)[0m  CREATE UNIQUE INDEX `unique_schema_migrations` ON `schema_migrations` (`version`)
  [1m[36mSQL (0.4ms)[0m  [1mSHOW TABLES[0m
  [1m[35mSQL (0.2ms)[0m  SHOW TABLES
  [1m[36mSQL (0.2ms)[0m  [1mSELECT `schema_migrations`.`version` FROM `schema_migrations`[0m
Migrating to SunriseCreateUsers (20110616102556)
  [1m[35mSQL (173.5ms)[0m  CREATE TABLE `users` (`id` int(11) DEFAULT NULL auto_increment PRIMARY KEY, `name` varchar(150), `email` varchar(255) DEFAULT '' NOT NULL, `encrypted_password` varchar(128) DEFAULT '' NOT NULL, `reset_password_token` varchar(255), `reset_password_sent_at` datetime, `remember_created_at` datetime, `sign_in_count` int(11) DEFAULT 0, `current_sign_in_at` datetime, `last_sign_in_at` datetime, `current_sign_in_ip` varchar(255), `last_sign_in_ip` varchar(255), `confirmation_token` varchar(255), `confirmed_at` datetime, `confirmation_sent_at` datetime, `failed_attempts` int(11) DEFAULT 0, `locked_at` datetime, `password_salt` varchar(255), `created_at` datetime, `updated_at` datetime) ENGINE=InnoDB
  [1m[36mSQL (0.5ms)[0m  [1mSHOW KEYS FROM `users`[0m
  [1m[35mSQL (331.8ms)[0m  CREATE UNIQUE INDEX `index_users_on_email` ON `users` (`email`)
  [1m[36mSQL (0.5ms)[0m  [1mSHOW KEYS FROM `users`[0m
  [1m[35mSQL (298.4ms)[0m  CREATE UNIQUE INDEX `index_users_on_reset_password_token` ON `users` (`reset_password_token`)
  [1m[36mSQL (0.5ms)[0m  [1mSHOW KEYS FROM `users`[0m
  [1m[35mSQL (320.7ms)[0m  CREATE UNIQUE INDEX `index_users_on_confirmation_token` ON `users` (`confirmation_token`)
  [1m[36mSQL (76.1ms)[0m  [1mINSERT INTO `schema_migrations` (`version`) VALUES ('20110616102556')[0m
Migrating to SunriseCreateRoles (20110616102656)
  [1m[35mSQL (153.8ms)[0m  CREATE TABLE `roles` (`id` int(11) DEFAULT NULL auto_increment PRIMARY KEY, `role_type` tinyint DEFAULT 0, `user_id` int(11) NOT NULL, `created_at` datetime, `updated_at` datetime) ENGINE=InnoDB
  [1m[36mSQL (0.5ms)[0m  [1mSHOW KEYS FROM `roles`[0m
  [1m[35mSQL (365.0ms)[0m  CREATE INDEX `fk_user` ON `roles` (`user_id`)
  [1m[36mSQL (65.4ms)[0m  [1mINSERT INTO `schema_migrations` (`version`) VALUES ('20110616102656')[0m
Migrating to SunriseCreateStructures (20110616102756)
  [1m[35mSQL (142.5ms)[0m  CREATE TABLE `structures` (`id` int(11) DEFAULT NULL auto_increment PRIMARY KEY, `title` varchar(255) NOT NULL, `slug` varchar(25) NOT NULL, `kind` tinyint DEFAULT 0, `position` smallint DEFAULT 0, `is_visible` tinyint(1) DEFAULT 1, `redirect_url` varchar(255), `parent_id` int(11), `lft` int(11) DEFAULT 0, `rgt` int(11) DEFAULT 0, `depth` int(11) DEFAULT 0, `created_at` datetime, `updated_at` datetime) ENGINE=InnoDB
  [1m[36mSQL (0.5ms)[0m  [1mSHOW KEYS FROM `structures`[0m
  [1m[35mSQL (309.6ms)[0m  CREATE INDEX `index_structures_on_kind_and_slug` ON `structures` (`kind`, `slug`)
  [1m[36mSQL (0.5ms)[0m  [1mSHOW KEYS FROM `structures`[0m
  [1m[35mSQL (322.5ms)[0m  CREATE INDEX `index_structures_on_parent_id` ON `structures` (`parent_id`)
  [1m[36mSQL (0.6ms)[0m  [1mSHOW KEYS FROM `structures`[0m
  [1m[35mSQL (276.2ms)[0m  CREATE INDEX `index_structures_on_lft_and_rgt` ON `structures` (`lft`, `rgt`)
  [1m[36mSQL (43.4ms)[0m  [1mINSERT INTO `schema_migrations` (`version`) VALUES ('20110616102756')[0m
Migrating to SunriseCreatePages (20110616102856)
  [1m[35mSQL (153.8ms)[0m  CREATE TABLE `pages` (`id` int(11) DEFAULT NULL auto_increment PRIMARY KEY, `title` varchar(255) NOT NULL, `content` text, `structure_id` int(11) NOT NULL, `created_at` datetime, `updated_at` datetime) ENGINE=InnoDB
  [1m[36mSQL (0.4ms)[0m  [1mSHOW KEYS FROM `pages`[0m
  [1m[35mSQL (276.5ms)[0m  CREATE INDEX `fk_pages` ON `pages` (`structure_id`)
  [1m[36mSQL (54.3ms)[0m  [1mINSERT INTO `schema_migrations` (`version`) VALUES ('20110616102856')[0m
Migrating to SunriseCreateAssets (20110616102956)
  [1m[35mSQL (119.4ms)[0m  CREATE TABLE `assets` (`id` int(11) DEFAULT NULL auto_increment PRIMARY KEY, `data_file_name` varchar(255) NOT NULL, `data_content_type` varchar(255), `data_file_size` int(11), `assetable_id` int(11) NOT NULL, `assetable_type` varchar(25) NOT NULL, `type` varchar(25), `guid` varchar(10), `locale` tinyint DEFAULT 0, `user_id` int(11), `sort_order` int(11) DEFAULT 0, `created_at` datetime, `updated_at` datetime) ENGINE=InnoDB
  [1m[36mSQL (0.4ms)[0m  [1mSHOW KEYS FROM `assets`[0m
  [1m[35mSQL (309.8ms)[0m  CREATE INDEX `index_assets_on_assetable_type_and_type_and_assetable_id` ON `assets` (`assetable_type`, `type`, `assetable_id`)
  [1m[36mSQL (0.6ms)[0m  [1mSHOW KEYS FROM `assets`[0m
  [1m[35mSQL (309.8ms)[0m  CREATE INDEX `index_assets_on_assetable_type_and_assetable_id` ON `assets` (`assetable_type`, `assetable_id`)
  [1m[36mSQL (0.6ms)[0m  [1mSHOW KEYS FROM `assets`[0m
  [1m[35mSQL (277.7ms)[0m  CREATE INDEX `index_assets_on_user_id` ON `assets` (`user_id`)
  [1m[36mSQL (43.2ms)[0m  [1mINSERT INTO `schema_migrations` (`version`) VALUES ('20110616102956')[0m
Migrating to SunriseCreateHeaders (20110616103056)
  [1m[35mSQL (142.7ms)[0m  CREATE TABLE `headers` (`id` int(11) DEFAULT NULL auto_increment PRIMARY KEY, `title` varchar(255), `keywords` varchar(255), `description` text, `headerable_type` varchar(30) NOT NULL, `headerable_id` int(11) NOT NULL, `created_at` datetime, `updated_at` datetime) ENGINE=InnoDB
  [1m[36mSQL (0.4ms)[0m  [1mSHOW KEYS FROM `headers`[0m
  [1m[35mSQL (276.6ms)[0m  CREATE INDEX `fk_headerable` ON `headers` (`headerable_type`, `headerable_id`)
  [1m[36mSQL (43.0ms)[0m  [1mINSERT INTO `schema_migrations` (`version`) VALUES ('20110616103056')[0m
  [1m[35mSQL (0.4ms)[0m  SHOW TABLES
  [1m[36mSQL (0.2ms)[0m  [1mSELECT `schema_migrations`.`version` FROM `schema_migrations`[0m
  [1m[35mSQL (0.2ms)[0m  SHOW TABLES
  [1m[36mSQL (0.5ms)[0m  [1mdescribe `assets`[0m
  [1m[35mSQL (0.4ms)[0m  SHOW KEYS FROM `assets`
  [1m[36mSQL (0.3ms)[0m  [1mdescribe `headers`[0m
  [1m[35mSQL (0.3ms)[0m  SHOW KEYS FROM `headers`
  [1m[36mSQL (0.5ms)[0m  [1mdescribe `pages`[0m
  [1m[35mSQL (0.3ms)[0m  SHOW KEYS FROM `pages`
  [1m[36mSQL (0.5ms)[0m  [1mdescribe `roles`[0m
  [1m[35mSQL (0.3ms)[0m  SHOW KEYS FROM `roles`
  [1m[36mSQL (0.7ms)[0m  [1mdescribe `structures`[0m
  [1m[35mSQL (0.4ms)[0m  SHOW KEYS FROM `structures`
  [1m[36mSQL (0.9ms)[0m  [1mdescribe `users`[0m
  [1m[35mSQL (0.3ms)[0m  SHOW KEYS FROM `users`
DEPRECATION WARNING: config.action_view.debug_rjs will be removed in 3.1, from 3.1 onwards you will need to install prototype-rails to continue to use RJS templates . (called from /var/www/plugins/cms/sunrise-core/spec/dummy/config/environment.rb:5)
  [1m[36mSQL (22.9ms)[0m  [1mSHOW TABLES[0m
  [1m[35mSQL (322.9ms)[0m  CREATE TABLE `schema_migrations` (`version` varchar(255) NOT NULL) ENGINE=InnoDB
  [1m[36mSQL (0.6ms)[0m  [1mSHOW KEYS FROM `schema_migrations`[0m
  [1m[35mSQL (265.7ms)[0m  CREATE UNIQUE INDEX `unique_schema_migrations` ON `schema_migrations` (`version`)
  [1m[36mSQL (0.4ms)[0m  [1mSHOW TABLES[0m
  [1m[35mSQL (0.3ms)[0m  SHOW TABLES
  [1m[36mSQL (0.3ms)[0m  [1mSELECT `schema_migrations`.`version` FROM `schema_migrations`[0m
Migrating to SunriseCreateUsers (20110616102556)
  [1m[35mSQL (174.0ms)[0m  CREATE TABLE `users` (`id` int(11) DEFAULT NULL auto_increment PRIMARY KEY, `name` varchar(150), `email` varchar(255) DEFAULT '' NOT NULL, `encrypted_password` varchar(128) DEFAULT '' NOT NULL, `reset_password_token` varchar(255), `reset_password_sent_at` datetime, `remember_created_at` datetime, `sign_in_count` int(11) DEFAULT 0, `current_sign_in_at` datetime, `last_sign_in_at` datetime, `current_sign_in_ip` varchar(255), `last_sign_in_ip` varchar(255), `confirmation_token` varchar(255), `confirmed_at` datetime, `confirmation_sent_at` datetime, `failed_attempts` int(11) DEFAULT 0, `locked_at` datetime, `password_salt` varchar(255), `created_at` datetime, `updated_at` datetime) ENGINE=InnoDB
  [1m[36mSQL (0.6ms)[0m  [1mSHOW KEYS FROM `users`[0m
  [1m[35mSQL (276.6ms)[0m  CREATE UNIQUE INDEX `index_users_on_email` ON `users` (`email`)
  [1m[36mSQL (0.4ms)[0m  [1mSHOW KEYS FROM `users`[0m
  [1m[35mSQL (345.0ms)[0m  CREATE UNIQUE INDEX `index_users_on_reset_password_token` ON `users` (`reset_password_token`)
  [1m[36mSQL (0.7ms)[0m  [1mSHOW KEYS FROM `users`[0m
  [1m[35mSQL (276.2ms)[0m  CREATE UNIQUE INDEX `index_users_on_confirmation_token` ON `users` (`confirmation_token`)
  [1m[36mSQL (43.1ms)[0m  [1mINSERT INTO `schema_migrations` (`version`) VALUES ('20110616102556')[0m
Migrating to SunriseCreateRoles (20110616102656)
  [1m[35mSQL (185.5ms)[0m  CREATE TABLE `roles` (`id` int(11) DEFAULT NULL auto_increment PRIMARY KEY, `role_type` tinyint DEFAULT 0, `user_id` int(11) NOT NULL, `created_at` datetime, `updated_at` datetime) ENGINE=InnoDB
  [1m[36mSQL (0.4ms)[0m  [1mSHOW KEYS FROM `roles`[0m
  [1m[35mSQL (299.0ms)[0m  CREATE INDEX `fk_user` ON `roles` (`user_id`)
  [1m[36mSQL (42.5ms)[0m  [1mINSERT INTO `schema_migrations` (`version`) VALUES ('20110616102656')[0m
Migrating to SunriseCreateStructures (20110616102756)
  [1m[35mSQL (152.5ms)[0m  CREATE TABLE `structures` (`id` int(11) DEFAULT NULL auto_increment PRIMARY KEY, `title` varchar(255) NOT NULL, `slug` varchar(25) NOT NULL, `kind` tinyint DEFAULT 0, `position` smallint DEFAULT 0, `is_visible` tinyint(1) DEFAULT 1, `redirect_url` varchar(255), `parent_id` int(11), `lft` int(11) DEFAULT 0, `rgt` int(11) DEFAULT 0, `depth` int(11) DEFAULT 0, `created_at` datetime, `updated_at` datetime) ENGINE=InnoDB
  [1m[36mSQL (0.5ms)[0m  [1mSHOW KEYS FROM `structures`[0m
  [1m[35mSQL (287.5ms)[0m  CREATE INDEX `index_structures_on_kind_and_slug` ON `structures` (`kind`, `slug`)
  [1m[36mSQL (0.5ms)[0m  [1mSHOW KEYS FROM `structures`[0m
  [1m[35mSQL (287.5ms)[0m  CREATE INDEX `index_structures_on_parent_id` ON `structures` (`parent_id`)
  [1m[36mSQL (0.6ms)[0m  [1mSHOW KEYS FROM `structures`[0m
  [1m[35mSQL (322.6ms)[0m  CREATE INDEX `index_structures_on_lft_and_rgt` ON `structures` (`lft`, `rgt`)
  [1m[36mSQL (43.1ms)[0m  [1mINSERT INTO `schema_migrations` (`version`) VALUES ('20110616102756')[0m
Migrating to SunriseCreatePages (20110616102856)
  [1m[35mSQL (164.6ms)[0m  CREATE TABLE `pages` (`id` int(11) DEFAULT NULL auto_increment PRIMARY KEY, `title` varchar(255) NOT NULL, `content` text, `structure_id` int(11) NOT NULL, `created_at` datetime, `updated_at` datetime) ENGINE=InnoDB
  [1m[36mSQL (0.4ms)[0m  [1mSHOW KEYS FROM `pages`[0m
  [1m[35mSQL (287.9ms)[0m  CREATE INDEX `fk_pages` ON `pages` (`structure_id`)
  [1m[36mSQL (43.0ms)[0m  [1mINSERT INTO `schema_migrations` (`version`) VALUES ('20110616102856')[0m
Migrating to SunriseCreateAssets (20110616102956)
  [1m[35mSQL (152.8ms)[0m  CREATE TABLE `assets` (`id` int(11) DEFAULT NULL auto_increment PRIMARY KEY, `data_file_name` varchar(255) NOT NULL, `data_content_type` varchar(255), `data_file_size` int(11), `assetable_id` int(11) NOT NULL, `assetable_type` varchar(25) NOT NULL, `type` varchar(25), `guid` varchar(10), `locale` tinyint DEFAULT 0, `user_id` int(11), `sort_order` int(11) DEFAULT 0, `created_at` datetime, `updated_at` datetime) ENGINE=InnoDB
  [1m[36mSQL (0.5ms)[0m  [1mSHOW KEYS FROM `assets`[0m
  [1m[35mSQL (276.8ms)[0m  CREATE INDEX `index_assets_on_assetable_type_and_type_and_assetable_id` ON `assets` (`assetable_type`, `type`, `assetable_id`)
  [1m[36mSQL (0.5ms)[0m  [1mSHOW KEYS FROM `assets`[0m
  [1m[35mSQL (276.6ms)[0m  CREATE INDEX `index_assets_on_assetable_type_and_assetable_id` ON `assets` (`assetable_type`, `assetable_id`)
  [1m[36mSQL (0.6ms)[0m  [1mSHOW KEYS FROM `assets`[0m
  [1m[35mSQL (287.6ms)[0m  CREATE INDEX `index_assets_on_user_id` ON `assets` (`user_id`)
  [1m[36mSQL (42.7ms)[0m  [1mINSERT INTO `schema_migrations` (`version`) VALUES ('20110616102956')[0m
Migrating to SunriseCreateHeaders (20110616103056)
  [1m[35mSQL (155.2ms)[0m  CREATE TABLE `headers` (`id` int(11) DEFAULT NULL auto_increment PRIMARY KEY, `title` varchar(255), `keywords` varchar(255), `description` text, `headerable_type` varchar(30) NOT NULL, `headerable_id` int(11) NOT NULL, `created_at` datetime, `updated_at` datetime) ENGINE=InnoDB
  [1m[36mSQL (0.5ms)[0m  [1mSHOW KEYS FROM `headers`[0m
  [1m[35mSQL (1049.9ms)[0m  CREATE INDEX `fk_headerable` ON `headers` (`headerable_type`, `headerable_id`)
  [1m[36mSQL (42.9ms)[0m  [1mINSERT INTO `schema_migrations` (`version`) VALUES ('20110616103056')[0m
  [1m[35mSQL (0.3ms)[0m  SHOW TABLES
  [1m[36mSQL (0.2ms)[0m  [1mSELECT `schema_migrations`.`version` FROM `schema_migrations`[0m
  [1m[35mSQL (0.2ms)[0m  SHOW TABLES
  [1m[36mSQL (0.6ms)[0m  [1mdescribe `assets`[0m
  [1m[35mSQL (0.4ms)[0m  SHOW KEYS FROM `assets`
  [1m[36mSQL (0.6ms)[0m  [1mdescribe `headers`[0m
  [1m[35mSQL (0.3ms)[0m  SHOW KEYS FROM `headers`
  [1m[36mSQL (0.6ms)[0m  [1mdescribe `pages`[0m
  [1m[35mSQL (0.3ms)[0m  SHOW KEYS FROM `pages`
  [1m[36mSQL (0.5ms)[0m  [1mdescribe `roles`[0m
  [1m[35mSQL (0.3ms)[0m  SHOW KEYS FROM `roles`
  [1m[36mSQL (0.8ms)[0m  [1mdescribe `structures`[0m
  [1m[35mSQL (0.4ms)[0m  SHOW KEYS FROM `structures`
  [1m[36mSQL (0.9ms)[0m  [1mdescribe `users`[0m
  [1m[35mSQL (0.4ms)[0m  SHOW KEYS FROM `users`
